{"timestamp":"2026-03-03T16:35:29.4556935+08:00","type":"event","event":"session_start","data":{"host":"192.168.5.250","session_id":"100f8bbe-72ac-4894-b9ac-49eb025a2500","user_id":"24135","username":"sunfx"}}
{"timestamp":"2026-03-03T16:35:29.4578814+08:00","type":"event","event":"session_created","data":{"host":"192.168.5.250","port":31277}}
{"timestamp":"2026-03-03T16:35:29.5932034+08:00","type":"event","event":"connection_established"}
{"timestamp":"2026-03-03T16:35:29.5937141+08:00","type":"output","content":"Activate the web console with: systemctl enable --now cockpit.socket\r\n\r\nLast login: Tue Mar  3 16:34:55 2026 from 192.168.0.11\r\r\n"}
{"timestamp":"2026-03-03T16:35:29.6374112+08:00","type":"output","content":"\u001b]0;sunfx@mn0:~\u0007[sunfx@mn0 ~]$ "}
{"timestamp":"2026-03-03T16:35:45.9052634+08:00","type":"command","content":"l"}
{"timestamp":"2026-03-03T16:35:45.9122308+08:00","type":"output","content":"l"}
{"timestamp":"2026-03-03T16:35:46.0913499+08:00","type":"command","content":"s"}
{"timestamp":"2026-03-03T16:35:46.0975941+08:00","type":"output","content":"s"}
{"timestamp":"2026-03-03T16:35:46.2094706+08:00","type":"command","content":"\r"}
{"timestamp":"2026-03-03T16:35:46.2164468+08:00","type":"output","content":"\r\n"}
{"timestamp":"2026-03-03T16:35:46.2198351+08:00","type":"output","content":"\u001b]0;sunfx@mn0:~\u0007[sunfx@mn0 ~]$ "}
{"timestamp":"2026-03-03T16:35:46.616437+08:00","type":"command","content":"s"}
{"timestamp":"2026-03-03T16:35:46.622422+08:00","type":"output","content":"s"}
{"timestamp":"2026-03-03T16:35:46.6846432+08:00","type":"command","content":"i"}
{"timestamp":"2026-03-03T16:35:46.6923889+08:00","type":"output","content":"i"}
{"timestamp":"2026-03-03T16:35:46.8516028+08:00","type":"command","content":"n"}
{"timestamp":"2026-03-03T16:35:46.8777795+08:00","type":"command","content":"f"}
{"timestamp":"2026-03-03T16:35:46.9155684+08:00","type":"output","content":"nf"}
{"timestamp":"2026-03-03T16:35:47.0035662+08:00","type":"command","content":"\t"}
{"timestamp":"2026-03-03T16:35:47.0102233+08:00","type":"output","content":"o "}
{"timestamp":"2026-03-03T16:35:47.1118932+08:00","type":"command","content":"\r"}
{"timestamp":"2026-03-03T16:35:47.1188004+08:00","type":"output","content":"\r\n"}
{"timestamp":"2026-03-03T16:35:47.127328+08:00","type":"output","content":"PARTITION     AVAIL  TIMELIMIT  NODES  STATE NODELIST\r\nslurm-bridge*    up   infinite      2   idle cn[1-2]\r\n"}
{"timestamp":"2026-03-03T16:35:47.1280891+08:00","type":"output","content":"\u001b]0;sunfx@mn0:~\u0007[sunfx@mn0 ~]$ "}
{"timestamp":"2026-03-03T16:35:47.24975+08:00","type":"command","content":"s"}
{"timestamp":"2026-03-03T16:35:47.2562738+08:00","type":"output","content":"s"}
{"timestamp":"2026-03-03T16:35:47.4535788+08:00","type":"command","content":"q"}
{"timestamp":"2026-03-03T16:35:47.4596941+08:00","type":"output","content":"q"}
{"timestamp":"2026-03-03T16:35:47.6295307+08:00","type":"command","content":""}
{"timestamp":"2026-03-03T16:35:47.6360489+08:00","type":"output","content":"\b\u001b[K"}
{"timestamp":"2026-03-03T16:35:47.7629966+08:00","type":"command","content":""}
{"timestamp":"2026-03-03T16:35:47.7726562+08:00","type":"output","content":"\b\u001b[K"}
{"timestamp":"2026-03-03T16:35:47.893011+08:00","type":"command","content":"s"}
{"timestamp":"2026-03-03T16:35:47.8994697+08:00","type":"output","content":"s"}
{"timestamp":"2026-03-03T16:35:47.9558434+08:00","type":"command","content":"r"}
{"timestamp":"2026-03-03T16:35:47.9622541+08:00","type":"output","content":"r"}
{"timestamp":"2026-03-03T16:35:48.0420004+08:00","type":"command","content":"u"}
{"timestamp":"2026-03-03T16:35:48.0481688+08:00","type":"output","content":"u"}
{"timestamp":"2026-03-03T16:35:48.1542743+08:00","type":"command","content":"\t"}
{"timestamp":"2026-03-03T16:35:48.1612509+08:00","type":"output","content":"n "}
{"timestamp":"2026-03-03T16:35:48.2565435+08:00","type":"command","content":" "}
{"timestamp":"2026-03-03T16:35:48.2644761+08:00","type":"output","content":" "}
{"timestamp":"2026-03-03T16:35:48.3352355+08:00","type":"command","content":"-"}
{"timestamp":"2026-03-03T16:35:48.3413026+08:00","type":"output","content":"-"}
{"timestamp":"2026-03-03T16:35:48.5692773+08:00","type":"command","content":"N"}
{"timestamp":"2026-03-03T16:35:48.5755339+08:00","type":"output","content":"N"}
{"timestamp":"2026-03-03T16:35:48.6733489+08:00","type":"command","content":" "}
{"timestamp":"2026-03-03T16:35:48.7077028+08:00","type":"output","content":" "}
{"timestamp":"2026-03-03T16:35:48.8237175+08:00","type":"command","content":"1"}
{"timestamp":"2026-03-03T16:35:48.831231+08:00","type":"output","content":"1"}
{"timestamp":"2026-03-03T16:35:48.9320605+08:00","type":"command","content":" "}
{"timestamp":"2026-03-03T16:35:48.937999+08:00","type":"output","content":" "}
{"timestamp":"2026-03-03T16:35:49.0613146+08:00","type":"command","content":"-"}
{"timestamp":"2026-03-03T16:35:49.0673373+08:00","type":"output","content":"-"}
{"timestamp":"2026-03-03T16:35:49.2763684+08:00","type":"command","content":"p"}
{"timestamp":"2026-03-03T16:35:49.2829631+08:00","type":"output","content":"p"}
{"timestamp":"2026-03-03T16:35:49.7565041+08:00","type":"command","content":""}
{"timestamp":"2026-03-03T16:35:49.7625366+08:00","type":"output","content":"\b\u001b[K"}
{"timestamp":"2026-03-03T16:35:50.0177589+08:00","type":"command","content":""}
{"timestamp":"2026-03-03T16:35:50.0246395+08:00","type":"output","content":"\b\u001b[K"}
{"timestamp":"2026-03-03T16:35:50.2673203+08:00","type":"command","content":"h"}
{"timestamp":"2026-03-03T16:35:50.2735715+08:00","type":"output","content":"h"}
{"timestamp":"2026-03-03T16:35:50.4307259+08:00","type":"command","content":"o"}
{"timestamp":"2026-03-03T16:35:50.4362436+08:00","type":"output","content":"o"}
{"timestamp":"2026-03-03T16:35:50.5333769+08:00","type":"command","content":"s"}
{"timestamp":"2026-03-03T16:35:50.5403793+08:00","type":"output","content":"s"}
{"timestamp":"2026-03-03T16:35:50.5791924+08:00","type":"command","content":"t"}
{"timestamp":"2026-03-03T16:35:50.5886249+08:00","type":"output","content":"t"}
{"timestamp":"2026-03-03T16:35:50.6354717+08:00","type":"command","content":"n"}
{"timestamp":"2026-03-03T16:35:50.641484+08:00","type":"output","content":"n"}
{"timestamp":"2026-03-03T16:35:50.7468134+08:00","type":"command","content":"a"}
{"timestamp":"2026-03-03T16:35:50.753281+08:00","type":"output","content":"a"}
{"timestamp":"2026-03-03T16:35:50.8240824+08:00","type":"command","content":"m"}
{"timestamp":"2026-03-03T16:35:50.8303211+08:00","type":"output","content":"m"}
{"timestamp":"2026-03-03T16:35:50.9121428+08:00","type":"command","content":"e"}
{"timestamp":"2026-03-03T16:35:50.9182025+08:00","type":"output","content":"e"}
{"timestamp":"2026-03-03T16:35:51.0099819+08:00","type":"command","content":"\r"}
{"timestamp":"2026-03-03T16:35:51.0184282+08:00","type":"output","content":"\r\n"}
{"timestamp":"2026-03-03T16:35:51.0576647+08:00","type":"output","content":"[2026-03-03T16:35:50.071] error: couldn't chdir to `/fs/home/sunfx': No such file or directory: going to /tmp instead\r\n[2026-03-03T16:35:50.073] error: couldn't chdir to `/fs/home/sunfx': No such file or directory: going to /tmp instead\r\ncn1\r\n"}
{"timestamp":"2026-03-03T16:35:51.0602186+08:00","type":"output","content":"\u001b]0;sunfx@mn0:~\u0007"}
{"timestamp":"2026-03-03T16:35:51.0602186+08:00","type":"output","content":"[sunfx@mn0 ~]$ "}
{"timestamp":"2026-03-03T16:37:35.2356981+08:00","type":"event","event":"session_closed"}
{"timestamp":"2026-03-03T16:37:35.2356981+08:00","type":"event","event":"session_end","data":{"duration":125.7800046}}
