{"timestamp":"2026-03-03T16:39:38.5690507+08:00","type":"event","event":"session_start","data":{"host":"192.168.5.250","session_id":"f2023f5d-e70b-476e-bd36-c7eaac3aae9d","user_id":"24135","username":"sunfx"}}
{"timestamp":"2026-03-03T16:39:38.570163+08:00","type":"event","event":"session_created","data":{"host":"192.168.5.250","port":31277}}
{"timestamp":"2026-03-03T16:39:38.7013281+08:00","type":"event","event":"connection_established"}
{"timestamp":"2026-03-03T16:39:38.7018358+08:00","type":"output","content":"Activate the web console with: systemctl enable --now cockpit.socket\r\n\r\nLast login: Tue Mar  3 16:37:41 2026 from 192.168.0.11\r\r\n"}
{"timestamp":"2026-03-03T16:39:38.7454379+08:00","type":"output","content":"\u001b]0;sunfx@mn0:~\u0007"}
{"timestamp":"2026-03-03T16:39:38.7459463+08:00","type":"output","content":"[sunfx@mn0 ~]$ "}
{"timestamp":"2026-03-03T16:39:39.8675608+08:00","type":"command","content":"\r"}
{"timestamp":"2026-03-03T16:39:39.8744147+08:00","type":"output","content":"\r\n"}
{"timestamp":"2026-03-03T16:39:39.8744147+08:00","type":"output","content":"\u001b]0;sunfx@mn0:~\u0007[sunfx@mn0 ~]$ "}
{"timestamp":"2026-03-03T16:39:40.1303861+08:00","type":"command","content":"l"}
{"timestamp":"2026-03-03T16:39:40.1363037+08:00","type":"output","content":"l"}
{"timestamp":"2026-03-03T16:39:40.2581853+08:00","type":"command","content":"s"}
{"timestamp":"2026-03-03T16:39:40.264437+08:00","type":"output","content":"s"}
{"timestamp":"2026-03-03T16:39:40.3563574+08:00","type":"command","content":"\r"}
{"timestamp":"2026-03-03T16:39:40.3633514+08:00","type":"output","content":"\r\n"}
{"timestamp":"2026-03-03T16:39:40.3651905+08:00","type":"output","content":"\u001b]0;sunfx@mn0:~\u0007"}
{"timestamp":"2026-03-03T16:39:40.3651905+08:00","type":"output","content":"[sunfx@mn0 ~]$ "}
{"timestamp":"2026-03-03T16:39:41.0717072+08:00","type":"command","content":"d"}
{"timestamp":"2026-03-03T16:39:41.0774148+08:00","type":"output","content":"d"}
{"timestamp":"2026-03-03T16:39:41.3207119+08:00","type":"command","content":""}
{"timestamp":"2026-03-03T16:39:41.3295738+08:00","type":"output","content":"\b\u001b[K"}
{"timestamp":"2026-03-03T16:39:41.4889685+08:00","type":"command","content":"l"}
{"timestamp":"2026-03-03T16:39:41.495024+08:00","type":"output","content":"l"}
{"timestamp":"2026-03-03T16:39:41.5728148+08:00","type":"command","content":"s"}
{"timestamp":"2026-03-03T16:39:41.5788014+08:00","type":"output","content":"s"}
{"timestamp":"2026-03-03T16:39:41.6284439+08:00","type":"command","content":" "}
{"timestamp":"2026-03-03T16:39:41.6349938+08:00","type":"output","content":" "}
{"timestamp":"2026-03-03T16:39:41.6792682+08:00","type":"command","content":"-"}
{"timestamp":"2026-03-03T16:39:41.6882635+08:00","type":"output","content":"-"}
{"timestamp":"2026-03-03T16:39:41.8197064+08:00","type":"command","content":"l"}
{"timestamp":"2026-03-03T16:39:41.8252275+08:00","type":"output","content":"l"}
{"timestamp":"2026-03-03T16:39:41.8968671+08:00","type":"command","content":"a"}
{"timestamp":"2026-03-03T16:39:41.9031935+08:00","type":"output","content":"a"}
{"timestamp":"2026-03-03T16:39:41.9985939+08:00","type":"command","content":"\r"}
{"timestamp":"2026-03-03T16:39:42.0059698+08:00","type":"output","content":"\r\n"}
{"timestamp":"2026-03-03T16:39:42.009943+08:00","type":"output","content":"total 16\r\n"}
{"timestamp":"2026-03-03T16:39:42.009943+08:00","type":"output","content":"drwxr-xr-x 3 sunfx sunfx  95 Mar  3 13:43 \u001b[0m\u001b[38;5;33m.\u001b[0m\r\ndrwxr-xr-x 3 root  root   19 Mar  3 11:07 \u001b[38;5;33m..\u001b[0m\r\n-rw------- 1 sunfx sunfx 583 Mar  3 16:38 .bash_history\r\n-rw-r--r-- 1 sunfx sunfx  18 Mar  3 13:43 .bash_logout\r\n-rw-r--r-- 1 sunfx sunfx 176 Mar  3 13:43 .bash_profile\r\n"}
{"timestamp":"2026-03-03T16:39:42.0104542+08:00","type":"output","content":"-rw-r--r-- 1 sunfx sunfx 229 Mar  3 13:43 .bashrc\r\ndrwx------ 2 sunfx sunfx  80 Mar  3 13:36 \u001b[38;5;33m.ssh\u001b[0m\r\n"}
{"timestamp":"2026-03-03T16:39:42.0104542+08:00","type":"output","content":"\u001b]0;sunfx@mn0:~\u0007"}
{"timestamp":"2026-03-03T16:39:42.0104542+08:00","type":"output","content":"[sunfx@mn0 ~]$ "}
{"timestamp":"2026-03-03T16:39:53.9488527+08:00","type":"command","content":"\f"}
{"timestamp":"2026-03-03T16:39:53.9642457+08:00","type":"output","content":"\u001b[H\u001b[2J[sunfx@mn0 ~]$ "}
{"timestamp":"2026-03-03T16:39:54.1113636+08:00","type":"command","content":"l"}
{"timestamp":"2026-03-03T16:39:54.117393+08:00","type":"output","content":"l"}
{"timestamp":"2026-03-03T16:39:54.2188863+08:00","type":"command","content":"s"}
{"timestamp":"2026-03-03T16:39:54.2254238+08:00","type":"output","content":"s"}
{"timestamp":"2026-03-03T16:39:54.3324226+08:00","type":"command","content":"\r"}
{"timestamp":"2026-03-03T16:39:54.33851+08:00","type":"output","content":"\r\n"}
{"timestamp":"2026-03-03T16:39:54.3405494+08:00","type":"output","content":"\u001b]0;sunfx@mn0:~\u0007"}
{"timestamp":"2026-03-03T16:39:54.3405494+08:00","type":"output","content":"[sunfx@mn0 ~]$ "}
{"timestamp":"2026-03-03T16:41:09.4425984+08:00","type":"event","event":"session_closed"}
{"timestamp":"2026-03-03T16:41:09.4425984+08:00","type":"event","event":"session_end","data":{"duration":90.8735477}}
