{"timestamp":"2026-03-03T16:37:41.9410536+08:00","type":"event","event":"session_start","data":{"host":"192.168.5.250","session_id":"373bfd0c-2bbe-4620-ac87-20a61c5e28ab","user_id":"24135","username":"sunfx"}}
{"timestamp":"2026-03-03T16:37:41.9427412+08:00","type":"event","event":"session_created","data":{"host":"192.168.5.250","port":31277}}
{"timestamp":"2026-03-03T16:37:42.0768098+08:00","type":"event","event":"connection_established"}
{"timestamp":"2026-03-03T16:37:42.0778098+08:00","type":"output","content":"Activate the web console with: systemctl enable --now cockpit.socket\r\n\r\nLast login: Tue Mar  3 16:35:28 2026 from 192.168.0.11\r\r\n"}
{"timestamp":"2026-03-03T16:37:42.1211054+08:00","type":"output","content":"\u001b]0;sunfx@mn0:~\u0007"}
{"timestamp":"2026-03-03T16:37:42.1218807+08:00","type":"output","content":"[sunfx@mn0 ~]$ "}
{"timestamp":"2026-03-03T16:38:03.1575885+08:00","type":"command","content":"\r"}
{"timestamp":"2026-03-03T16:38:03.164834+08:00","type":"output","content":"\r\n"}
{"timestamp":"2026-03-03T16:38:03.164834+08:00","type":"output","content":"\u001b]0;sunfx@mn0:~\u0007"}
{"timestamp":"2026-03-03T16:38:03.1654568+08:00","type":"output","content":"[sunfx@mn0 ~]$ "}
{"timestamp":"2026-03-03T16:38:03.370092+08:00","type":"command","content":"l"}
{"timestamp":"2026-03-03T16:38:03.3765053+08:00","type":"output","content":"l"}
{"timestamp":"2026-03-03T16:38:03.4893685+08:00","type":"command","content":"s"}
{"timestamp":"2026-03-03T16:38:03.4954362+08:00","type":"output","content":"s"}
{"timestamp":"2026-03-03T16:38:03.5733866+08:00","type":"command","content":"\r"}
{"timestamp":"2026-03-03T16:38:03.5794864+08:00","type":"output","content":"\r\n"}
{"timestamp":"2026-03-03T16:38:03.5814894+08:00","type":"output","content":"\u001b]0;sunfx@mn0:~\u0007[sunfx@mn0 ~]$ "}
{"timestamp":"2026-03-03T16:38:03.7887432+08:00","type":"command","content":"l"}
{"timestamp":"2026-03-03T16:38:03.7956946+08:00","type":"output","content":"l"}
{"timestamp":"2026-03-03T16:38:03.9118218+08:00","type":"command","content":"s"}
{"timestamp":"2026-03-03T16:38:03.9175866+08:00","type":"output","content":"s"}
{"timestamp":"2026-03-03T16:38:03.9760946+08:00","type":"command","content":" "}
{"timestamp":"2026-03-03T16:38:03.9842245+08:00","type":"output","content":" "}
{"timestamp":"2026-03-03T16:38:04.0278443+08:00","type":"command","content":"-"}
{"timestamp":"2026-03-03T16:38:04.0345633+08:00","type":"output","content":"-"}
{"timestamp":"2026-03-03T16:38:04.1820282+08:00","type":"command","content":"l"}
{"timestamp":"2026-03-03T16:38:04.1944832+08:00","type":"output","content":"l"}
{"timestamp":"2026-03-03T16:38:04.2630344+08:00","type":"command","content":"a"}
{"timestamp":"2026-03-03T16:38:04.2695571+08:00","type":"output","content":"a"}
{"timestamp":"2026-03-03T16:38:04.3861637+08:00","type":"command","content":"\r"}
{"timestamp":"2026-03-03T16:38:04.3935187+08:00","type":"output","content":"\r\n"}
{"timestamp":"2026-03-03T16:38:04.3966875+08:00","type":"output","content":"total 16\r\ndrwxr-xr-x 3 sunfx sunfx  95 Mar  3 13:43 \u001b[0m\u001b[38;5;33m.\u001b[0m\r\ndrwxr-xr-x 3 root  root   19 Mar  3 11:07 \u001b[38;5;33m..\u001b[0m\r\n-rw------- 1 sunfx sunfx 570 Mar  3 16:37 .bash_history\r\n-rw-r--r-- 1 sunfx sunfx  18 Mar  3 13:43 .bash_logout\r\n-rw-r--r-- 1 sunfx sunfx 176 Mar  3 13:43 .bash_profile\r\n-rw-r--r-- 1 sunfx sunfx 229 Mar  3 13:43 .bashrc\r\ndrwx------ 2 sunfx sunfx  80 Mar  3 13:36 \u001b[38;5;33m.ssh\u001b[0m\r\n"}
{"timestamp":"2026-03-03T16:38:04.3966875+08:00","type":"output","content":"\u001b]0;sunfx@mn0:~\u0007[sunfx@mn0 ~]$ "}
{"timestamp":"2026-03-03T16:38:06.3644019+08:00","type":"command","content":"\f"}
{"timestamp":"2026-03-03T16:38:06.3710261+08:00","type":"output","content":"\u001b[H\u001b[2J[sunfx@mn0 ~]$ "}
{"timestamp":"2026-03-03T16:38:06.5608532+08:00","type":"command","content":"l"}
{"timestamp":"2026-03-03T16:38:06.5670903+08:00","type":"output","content":"l"}
{"timestamp":"2026-03-03T16:38:06.6726734+08:00","type":"command","content":"s"}
{"timestamp":"2026-03-03T16:38:06.6807633+08:00","type":"output","content":"s"}
{"timestamp":"2026-03-03T16:38:06.7363884+08:00","type":"command","content":"\r"}
{"timestamp":"2026-03-03T16:38:06.7433303+08:00","type":"output","content":"\r\n"}
{"timestamp":"2026-03-03T16:38:06.7457677+08:00","type":"output","content":"\u001b]0;sunfx@mn0:~\u0007"}
{"timestamp":"2026-03-03T16:38:06.7457677+08:00","type":"output","content":"[sunfx@mn0 ~]$ "}
{"timestamp":"2026-03-03T16:38:08.7365023+08:00","type":"event","event":"session_closed"}
{"timestamp":"2026-03-03T16:38:08.7370102+08:00","type":"event","event":"session_end","data":{"duration":26.7959566}}
