{"timestamp":"2026-03-06T20:40:36.628806+08:00","type":"event","event":"session_start","data":{"host":"192.168.5.250","session_id":"273a2a60-b6f8-4ac9-95f4-c7e85dcb0b72","user_id":"24135","username":"sunfx"}}
{"timestamp":"2026-03-06T20:40:36.629675+08:00","type":"event","event":"session_created","data":{"host":"192.168.5.250","port":31277}}
{"timestamp":"2026-03-06T20:40:36.773027+08:00","type":"event","event":"connection_established"}
{"timestamp":"2026-03-06T20:40:36.773417+08:00","type":"output","content":"Activate the web console with: systemctl enable --now cockpit.socket\r\n\r\nLast login: Wed Mar  4 20:13:35 2026 from 192.168.0.11\r\r\n"}
{"timestamp":"2026-03-06T20:40:36.816931+08:00","type":"output","content":"\u001b]0;sunfx@mn0:~\u0007[sunfx@mn0 ~]$ "}
{"timestamp":"2026-03-06T20:40:37.758921+08:00","type":"command","content":"l"}
{"timestamp":"2026-03-06T20:40:37.771694+08:00","type":"output","content":"l"}
{"timestamp":"2026-03-06T20:40:37.888439+08:00","type":"command","content":"s"}
{"timestamp":"2026-03-06T20:40:37.897092+08:00","type":"output","content":"s"}
{"timestamp":"2026-03-06T20:40:38.271486+08:00","type":"command","content":"s"}
{"timestamp":"2026-03-06T20:40:38.282831+08:00","type":"output","content":"s"}
{"timestamp":"2026-03-06T20:40:38.387429+08:00","type":"command","content":"i"}
{"timestamp":"2026-03-06T20:40:38.395151+08:00","type":"output","content":"i"}
{"timestamp":"2026-03-06T20:40:38.530515+08:00","type":"command","content":"n"}
{"timestamp":"2026-03-06T20:40:38.540688+08:00","type":"output","content":"n"}
{"timestamp":"2026-03-06T20:40:38.586437+08:00","type":"command","content":"f"}
{"timestamp":"2026-03-06T20:40:38.594091+08:00","type":"output","content":"f"}
{"timestamp":"2026-03-06T20:40:38.737512+08:00","type":"command","content":"\t"}
{"timestamp":"2026-03-06T20:40:38.748692+08:00","type":"output","content":"\u0007"}
{"timestamp":"2026-03-06T20:40:38.932312+08:00","type":"command","content":""}
{"timestamp":"2026-03-06T20:40:38.940079+08:00","type":"output","content":"\b\u001b[K"}
{"timestamp":"2026-03-06T20:40:39.047022+08:00","type":"command","content":""}
{"timestamp":"2026-03-06T20:40:39.054769+08:00","type":"output","content":"\b\u001b[K"}
{"timestamp":"2026-03-06T20:40:39.171966+08:00","type":"command","content":""}
{"timestamp":"2026-03-06T20:40:39.179337+08:00","type":"output","content":"\b\u001b[K"}
{"timestamp":"2026-03-06T20:40:39.307229+08:00","type":"command","content":""}
{"timestamp":"2026-03-06T20:40:39.314779+08:00","type":"output","content":"\b\u001b[K"}
{"timestamp":"2026-03-06T20:40:39.443571+08:00","type":"command","content":""}
{"timestamp":"2026-03-06T20:40:39.452843+08:00","type":"output","content":"\b\u001b[K"}
{"timestamp":"2026-03-06T20:40:39.580829+08:00","type":"command","content":""}
{"timestamp":"2026-03-06T20:40:39.5884+08:00","type":"output","content":"\b\u001b[K"}
{"timestamp":"2026-03-06T20:40:39.730916+08:00","type":"command","content":""}
{"timestamp":"2026-03-06T20:40:39.739693+08:00","type":"output","content":"\u0007"}
{"timestamp":"2026-03-06T20:40:39.900347+08:00","type":"command","content":"l"}
{"timestamp":"2026-03-06T20:40:39.909697+08:00","type":"output","content":"l"}
{"timestamp":"2026-03-06T20:40:40.004157+08:00","type":"command","content":"s"}
{"timestamp":"2026-03-06T20:40:40.011789+08:00","type":"output","content":"s"}
{"timestamp":"2026-03-06T20:40:40.103597+08:00","type":"command","content":"\r"}
{"timestamp":"2026-03-06T20:40:40.112761+08:00","type":"output","content":"\r\n"}
{"timestamp":"2026-03-06T20:40:40.114476+08:00","type":"output","content":"\u001b[0m\u001b[38;5;33m111\u001b[0m  LdapAdmin.exe  nohup.out  \u001b[38;5;33mtest\u001b[0m  \u001b[38;5;40mtest.sh\u001b[0m\r\n\u001b]0;sunfx@mn0:~\u0007[sunfx@mn0 ~]$ "}
{"timestamp":"2026-03-06T20:40:40.380981+08:00","type":"command","content":"s"}
{"timestamp":"2026-03-06T20:40:40.393833+08:00","type":"output","content":"s"}
{"timestamp":"2026-03-06T20:40:40.488628+08:00","type":"command","content":"i"}
{"timestamp":"2026-03-06T20:40:40.498377+08:00","type":"output","content":"i"}
{"timestamp":"2026-03-06T20:40:40.609139+08:00","type":"command","content":"n"}
{"timestamp":"2026-03-06T20:40:40.618865+08:00","type":"output","content":"n"}
{"timestamp":"2026-03-06T20:40:40.654516+08:00","type":"command","content":"f"}
{"timestamp":"2026-03-06T20:40:40.663786+08:00","type":"output","content":"f"}
{"timestamp":"2026-03-06T20:40:40.793913+08:00","type":"command","content":"\t"}
{"timestamp":"2026-03-06T20:40:40.807117+08:00","type":"output","content":"o "}
{"timestamp":"2026-03-06T20:40:40.893835+08:00","type":"command","content":"\r"}
{"timestamp":"2026-03-06T20:40:40.901825+08:00","type":"output","content":"\r\n"}
{"timestamp":"2026-03-06T20:40:40.908397+08:00","type":"output","content":"PARTITION     AVAIL  TIMELIMIT  NODES  STATE NODELIST\r\nslurm-bridge*    up   infinite      2   idle cn[1-2]\r\n\u001b]0;sunfx@mn0:~\u0007[sunfx@mn0 ~]$ "}
{"timestamp":"2026-03-06T20:40:43.888277+08:00","type":"event","event":"session_closed"}
{"timestamp":"2026-03-06T20:40:43.888431+08:00","type":"event","event":"session_end","data":{"duration":7.259649917}}
