{"timestamp":"2026-03-03T16:34:56.1273201+08:00","type":"event","event":"session_start","data":{"host":"192.168.5.250","session_id":"7dfae48e-1889-4e98-9bd7-f119339dd652","user_id":"24135","username":"sunfx"}}
{"timestamp":"2026-03-03T16:34:56.1289672+08:00","type":"event","event":"session_created","data":{"host":"192.168.5.250","port":31277}}
{"timestamp":"2026-03-03T16:34:56.2756686+08:00","type":"event","event":"connection_established"}
{"timestamp":"2026-03-03T16:34:56.2761764+08:00","type":"output","content":"Activate the web console with: systemctl enable --now cockpit.socket\r\n\r\nLast login: Tue Mar  3 16:34:35 2026 from 192.168.0.11\r\r\n"}
{"timestamp":"2026-03-03T16:34:56.3210616+08:00","type":"output","content":"\u001b]0;sunfx@mn0:~\u0007"}
{"timestamp":"2026-03-03T16:34:56.3216082+08:00","type":"output","content":"[sunfx@mn0 ~]$ "}
{"timestamp":"2026-03-03T16:34:57.2142971+08:00","type":"command","content":"\r"}
{"timestamp":"2026-03-03T16:34:57.2217456+08:00","type":"output","content":"\r\n"}
{"timestamp":"2026-03-03T16:34:57.2222569+08:00","type":"output","content":"\u001b]0;sunfx@mn0:~\u0007[sunfx@mn0 ~]$ "}
{"timestamp":"2026-03-03T16:34:57.4500103+08:00","type":"command","content":"l"}
{"timestamp":"2026-03-03T16:34:57.4575378+08:00","type":"output","content":"l"}
{"timestamp":"2026-03-03T16:34:57.5461007+08:00","type":"command","content":"s"}
{"timestamp":"2026-03-03T16:34:57.5535836+08:00","type":"output","content":"s"}
{"timestamp":"2026-03-03T16:34:57.6389724+08:00","type":"command","content":"\r"}
{"timestamp":"2026-03-03T16:34:57.6460365+08:00","type":"output","content":"\r\n"}
{"timestamp":"2026-03-03T16:34:57.6515861+08:00","type":"output","content":"\u001b]0;sunfx@mn0:~\u0007[sunfx@mn0 ~]$ "}
{"timestamp":"2026-03-03T16:34:57.782148+08:00","type":"command","content":"\r"}
{"timestamp":"2026-03-03T16:34:57.7887753+08:00","type":"output","content":"\r\n"}
{"timestamp":"2026-03-03T16:34:57.7892783+08:00","type":"output","content":"\u001b]0;sunfx@mn0:~\u0007"}
{"timestamp":"2026-03-03T16:34:57.7892783+08:00","type":"output","content":"[sunfx@mn0 ~]$ "}
{"timestamp":"2026-03-03T16:35:00.1003466+08:00","type":"command","content":"\f"}
{"timestamp":"2026-03-03T16:35:00.1076214+08:00","type":"output","content":"\u001b[H\u001b[2J[sunfx@mn0 ~]$ "}
{"timestamp":"2026-03-03T16:35:00.729757+08:00","type":"command","content":"l"}
{"timestamp":"2026-03-03T16:35:00.7371109+08:00","type":"output","content":"l"}
{"timestamp":"2026-03-03T16:35:00.8251909+08:00","type":"command","content":"s"}
{"timestamp":"2026-03-03T16:35:00.8313271+08:00","type":"output","content":"s"}
{"timestamp":"2026-03-03T16:35:00.9346262+08:00","type":"command","content":"\r"}
{"timestamp":"2026-03-03T16:35:00.9413726+08:00","type":"output","content":"\r\n"}
{"timestamp":"2026-03-03T16:35:00.9441542+08:00","type":"output","content":"\u001b]0;sunfx@mn0:~\u0007"}
{"timestamp":"2026-03-03T16:35:00.9441542+08:00","type":"output","content":"[sunfx@mn0 ~]$ "}
{"timestamp":"2026-03-03T16:35:01.1586709+08:00","type":"command","content":"d"}
{"timestamp":"2026-03-03T16:35:01.1654202+08:00","type":"output","content":"d"}
{"timestamp":"2026-03-03T16:35:01.2830503+08:00","type":"command","content":"m"}
{"timestamp":"2026-03-03T16:35:01.2897125+08:00","type":"output","content":"m"}
{"timestamp":"2026-03-03T16:35:01.3378233+08:00","type":"command","content":"e"}
{"timestamp":"2026-03-03T16:35:01.345022+08:00","type":"output","content":"e"}
{"timestamp":"2026-03-03T16:35:01.4592851+08:00","type":"command","content":"s"}
{"timestamp":"2026-03-03T16:35:01.4658111+08:00","type":"output","content":"s"}
{"timestamp":"2026-03-03T16:35:01.5749544+08:00","type":"command","content":"\t"}
{"timestamp":"2026-03-03T16:35:01.5835349+08:00","type":"output","content":"g "}
{"timestamp":"2026-03-03T16:35:01.6522857+08:00","type":"command","content":"\r"}
{"timestamp":"2026-03-03T16:35:01.6583722+08:00","type":"output","content":"\r\n"}
{"timestamp":"2026-03-03T16:35:01.6604832+08:00","type":"output","content":"\u001b]0;sunfx@mn0:~\u0007[sunfx@mn0 ~]$ "}
{"timestamp":"2026-03-03T16:35:02.0458666+08:00","type":"command","content":"i"}
{"timestamp":"2026-03-03T16:35:02.0568204+08:00","type":"output","content":"i"}
{"timestamp":"2026-03-03T16:35:02.2240172+08:00","type":"command","content":"p"}
{"timestamp":"2026-03-03T16:35:02.230378+08:00","type":"output","content":"p"}
{"timestamp":"2026-03-03T16:35:02.2925489+08:00","type":"command","content":" "}
{"timestamp":"2026-03-03T16:35:02.2982784+08:00","type":"output","content":" "}
{"timestamp":"2026-03-03T16:35:02.3423658+08:00","type":"command","content":"a"}
{"timestamp":"2026-03-03T16:35:02.3485548+08:00","type":"output","content":"a"}
{"timestamp":"2026-03-03T16:35:02.4018461+08:00","type":"command","content":"d"}
{"timestamp":"2026-03-03T16:35:02.4074395+08:00","type":"output","content":"d"}
{"timestamp":"2026-03-03T16:35:02.4869639+08:00","type":"command","content":"\r"}
{"timestamp":"2026-03-03T16:35:02.4932889+08:00","type":"output","content":"\r\n"}
{"timestamp":"2026-03-03T16:35:02.4964082+08:00","type":"output","content":"1: lo: \u003cLOOPBACK,UP,LOWER_UP\u003e mtu 65536 qdisc noqueue state UNKNOWN group default qlen 1000\r\n    link/loopback 00:00:00:00:00:00 brd 00:00:00:00:00:00\r\n"}
{"timestamp":"2026-03-03T16:35:02.4964082+08:00","type":"output","content":"    inet 127.0.0.1/8 scope host lo\r\n       valid_lft forever preferred_lft forever\r\n    inet6 ::1/128 scope host \r\n       valid_lft forever preferred_lft forever\r\n2: eth0: \u003cBROADCAST,MULTICAST,UP,LOWER_UP\u003e mtu 1500 qdisc fq_codel state UP group default qlen 1000\r\n    link/ether bc:24:11:33:a3:bf brd ff:ff:ff:ff:ff:ff\r\n    altname enp0s18\r\n    altname ens18\r\n    inet 192.168.3.100/22 brd 192.168.3.255 scope global noprefixroute eth0\r\n       valid_lft forever preferred_lft forever\r\n    inet6 fe80::be24:11ff:fe33:a3bf/64 scope link \r\n       valid_lft forever preferred_lft forever\r\n3: flannel.1: \u003cBROADCAST,MULTICAST,UP,LOWER_UP\u003e mtu 1450 qdisc noqueue state UNKNOWN group default \r\n    link/ether f2:e4:c9:c8:4d:0f brd ff:ff:ff:ff:ff:ff\r\n    inet 10.244.0.0/32 scope global flannel.1\r\n       valid_lft forever preferred_lft forever\r\n    inet6 fe80::f0e4:c9ff:fec8:4d0f/64 scope link \r\n       valid_lft forever preferred_lft forever\r\n4: cni0: \u003cBROADCAST,MULTICAST,UP,LOWER_UP\u003e mtu 1450 qdisc noqueue state UP group defaul"}
{"timestamp":"2026-03-03T16:35:02.4964082+08:00","type":"output","content":"t qlen 1000\r\n    link/ether 16:27:73:3c:1e:81 brd ff:ff:ff:ff:ff:ff\r\n    inet 10.244.0.1/24 brd 10.244.0.255 scope global cni0\r\n       valid_lft forever preferred_lft forever\r\n    inet6 fe80::1427:73ff:fe3c:1e81/64 scope link \r\n       valid_lft forever preferred_lft forever\r\n5: veth3c9461db@if2: \u003cBROADCAST,MULTICAST,UP,LOWER_UP\u003e mtu 1450 qdisc noqueue master cni0 state UP group default qlen 1000\r\n"}
{"timestamp":"2026-03-03T16:35:02.4985205+08:00","type":"output","content":"    link/ether 12:15:d0:3a:33:e6 brd ff:ff:ff:ff:ff:ff link-netns cni-5f27df1e-4cc2-9115-aea8-50111e4ddb90\r\n    inet6 fe80::1015:d0ff:fe3a:33e6/64 scope link \r\n       valid_lft forever preferred_lft forever\r\n6: vethf4e8abff@if2: \u003cBROADCAST,MULTICAST,UP,LOWER_UP\u003e mtu 1450 qdisc noqueue master cni0 state UP group default qlen 1000\r\n    link/ether 8e:b3:f7:8b:d2:62 brd ff:ff:ff:ff:ff:ff link-netns cni-75dcb0dd-69f2-4926-c854-1fd0504f9e2a\r\n    inet6 fe80::8cb3:f7ff:fe8b:d262/64 scope link \r\n       valid_lft forever preferred_lft forever\r\n"}
{"timestamp":"2026-03-03T16:35:02.4985205+08:00","type":"output","content":"12: vethedb529d7@if2: \u003cBROADCAST,MULTICAST,UP,LOWER_UP\u003e mtu 1450 qdisc noqueue master cni0 state UP group default qlen 1000\r\n    link/ether 86:74:1b:28:59:ed brd ff:ff:ff:ff:ff:ff link-netns cni-b2398b7b-77f2-c1a7-fc44-311a87264479\r\n    inet6 fe80::8474:1bff:fe28:59ed/64 scope link \r\n       valid_lft forever preferred_lft forever\r\n13: veth89a7460f@if2: \u003cBROADCAST,MULTICAST,UP,LOWER_UP\u003e mtu 1450 qdisc noqueue master cni0 state UP group default qlen 1000\r\n    link/ether 3e:00:dc:52:99:97 brd ff:ff:ff:ff:ff:ff link-netns cni-2400d353-faef-2112-cb7e-e0449d5cb47e\r\n"}
{"timestamp":"2026-03-03T16:35:02.4990296+08:00","type":"output","content":"    inet6 fe80::3c00:dcff:fe52:9997/64 scope link \r\n       valid_lft forever preferred_lft forever\r\n14: vetha915aeb9@if2: \u003cBROADCAST,MULTICAST,UP,LOWER_UP\u003e mtu 1450 qdisc noqueue master cni0 state UP group default qlen 1000\r\n    link/ether 4a:d5:e1:91:13:f9 brd ff:ff:ff:ff:ff:ff link-netns cni-2d1411d9-4b6d-b77b-faf2-e79eac3d8886\r\n    inet6 fe80::48d5:e1ff:fe91:13f9/64 scope link \r\n       valid_lft forever preferred_lft forever\r\n15: vethace6f28e@if2: \u003cBROADCAST,MULTICAST,UP,LOWER_UP\u003e mtu 1450 qdisc noqueue master cni0 state UP group default qlen 1000\r\n    link/ether 96:86:e3:1a:fa:67 brd ff:ff:ff:ff:ff:ff link-netns cni-e4c048a8-c4c8-62c4-478e-bb46a0872db2\r\n    inet6 fe80::9486:e3ff:fe1a:fa67/64 scope link \r\n       valid_lft forever preferred_lft forever\r\n16: veth326f6e6b@if2: \u003cBROADCAST,MULTICAST,UP,LOWER_UP\u003e mtu 1450 qdisc noqueue master cni0 state UP group default qlen 1000\r\n    link/ether e2:e5:10:85:60:e3 brd ff:ff:ff:ff:ff:ff link-netns cni-71a97f65-38cc-ee93-1af1-5a95f2f2566e\r\n    inet6 fe80::e0e5:10ff"}
{"timestamp":"2026-03-03T16:35:02.4990296+08:00","type":"output","content":":fe85:60e3/64 scope link \r\n       valid_lft forever preferred_lft forever\r\n17: vethe59ed617@if2: \u003cBROADCAST,MULTICAST,UP,LOWER_UP\u003e mtu 1450 qdisc noqueue master cni0 state UP group default qlen 1000\r\n"}
{"timestamp":"2026-03-03T16:35:02.4990296+08:00","type":"output","content":"    link/ether 96:dd:2f:23:4c:f2 brd ff:ff:ff:ff:ff:ff link-netns cni-15620f8f-9ab2-be18-a2ec-ce4c4690ef07\r\n    inet6 fe80::94dd:2fff:fe23:4cf2/64 scope link \r\n"}
{"timestamp":"2026-03-03T16:35:02.4990296+08:00","type":"output","content":"       valid_lft forever preferred_lft forever\r\n18: vethffe29658@if2: \u003cBROADCAST,MULTICAST,UP,LOWER_UP\u003e mtu 1450 qdisc noqueue master cni0 state UP group default qlen 1000\r\n    link/ether de:95:14:1c:b4:e9 brd ff:ff:ff:ff:ff:ff link-netns cni-942a0a6c-5724-da32-285e-53c49bce4f92\r\n    inet6 fe80::dc95:14ff:fe1c:b4e9/64 scope link \r\n       valid_lft forever preferred_lft forever\r\n19: vethde70c63a@if2: \u003cBROADCAST,MULTICAST,UP,LOWER_UP\u003e mtu 1450 qdisc noqueue master cni0 state UP group default qlen 1000\r\n    link/ether 4a:a4:bd:aa:b8:1d brd ff:ff:ff:ff:ff:ff link-netns cni-0069b962-ada1-d219-af33-db4e5cdd3c1c\r\n    inet6 fe80::48a4:bdff:feaa:b81d/64 scope link \r\n       valid_lft forever preferred_lft forever\r\n20: vethd43e6fcb@if2: \u003cBROADCAST,MULTICAST,UP,LOWER_UP\u003e mtu 1450 qdisc noqueue master cni0 state UP group default qlen 1000\r\n    link/ether be:0b:8e:c8:1c:ec brd ff:ff:ff:ff:ff:ff link-netns cni-d4ec0ee7-998e-4dc0-8092-9c1c755a8b4d\r\n    inet6 fe80::bc0b:8eff:fec8:1cec/64 scope link \r\n       valid_lft forever "}
{"timestamp":"2026-03-03T16:35:02.4990296+08:00","type":"output","content":"preferred_lft forever\r\n21: veth00c7ae18@if2: \u003cBROADCAST,MULTICAST,UP,LOWER_UP\u003e mtu 1450 qdisc noqueue master cni0 state UP group default qlen 1000\r\n    link/ether f6:4e:c5:6a:76:fe brd ff:ff:ff:ff:ff:ff link-netns cni-46accffe-8035-6695-7642-a84587f4a36c\r\n    inet6 fe80::f44e:c5ff:fe6a:76fe/64 scope link \r\n       valid_lft forever preferred_lft forever\r\n22: veth6f1c3a7b@if2: \u003cBROADCAST,MULTICAST,UP,LOWER_UP\u003e mtu 1450 qdisc noqueue master cni0 state UP group default qlen 1000\r\n    link/ether 7e:64:14:3d:4a:05 brd ff:ff:ff:ff:ff:ff link-netns cni-c1534ddf-46c6-202d-9963-cc47984b7212\r\n    inet6 fe80::7c64:14ff:fe3d:4a05/64 scope link \r\n       valid_lft forever preferred_lft forever\r\n"}
{"timestamp":"2026-03-03T16:35:02.4995673+08:00","type":"output","content":"\u001b]0;sunfx@mn0:~\u0007[sunfx@mn0 ~]$ "}
{"timestamp":"2026-03-03T16:35:03.4938553+08:00","type":"command","content":"\u000b"}
{"timestamp":"2026-03-03T16:35:03.8612016+08:00","type":"command","content":"\f"}
{"timestamp":"2026-03-03T16:35:03.8677367+08:00","type":"output","content":"\u001b[H\u001b[2J[sunfx@mn0 ~]$ "}
{"timestamp":"2026-03-03T16:35:04.0839238+08:00","type":"command","content":"l"}
{"timestamp":"2026-03-03T16:35:04.0904734+08:00","type":"output","content":"l"}
{"timestamp":"2026-03-03T16:35:04.1975937+08:00","type":"command","content":"s"}
{"timestamp":"2026-03-03T16:35:04.2036884+08:00","type":"output","content":"s"}
{"timestamp":"2026-03-03T16:35:04.3102594+08:00","type":"command","content":"\r"}
{"timestamp":"2026-03-03T16:35:04.315783+08:00","type":"output","content":"\r\n"}
{"timestamp":"2026-03-03T16:35:04.3186198+08:00","type":"output","content":"\u001b]0;sunfx@mn0:~\u0007[sunfx@mn0 ~]$ "}
{"timestamp":"2026-03-03T16:35:04.9186578+08:00","type":"command","content":"i"}
{"timestamp":"2026-03-03T16:35:04.927695+08:00","type":"output","content":"i"}
{"timestamp":"2026-03-03T16:35:05.1330444+08:00","type":"command","content":"p"}
{"timestamp":"2026-03-03T16:35:05.1406872+08:00","type":"output","content":"p"}
{"timestamp":"2026-03-03T16:35:05.2306255+08:00","type":"command","content":" "}
{"timestamp":"2026-03-03T16:35:05.2380527+08:00","type":"output","content":" "}
{"timestamp":"2026-03-03T16:35:05.2800063+08:00","type":"command","content":"a"}
{"timestamp":"2026-03-03T16:35:05.2865235+08:00","type":"output","content":"a"}
{"timestamp":"2026-03-03T16:35:05.3457734+08:00","type":"command","content":"d"}
{"timestamp":"2026-03-03T16:35:05.3523027+08:00","type":"output","content":"d"}
{"timestamp":"2026-03-03T16:35:05.4149191+08:00","type":"command","content":"\r"}
{"timestamp":"2026-03-03T16:35:05.4219599+08:00","type":"output","content":"\r\n"}
{"timestamp":"2026-03-03T16:35:05.4336722+08:00","type":"output","content":"1: lo: \u003cLOOPBACK,UP,LOWER_UP\u003e mtu 65536 qdisc noqueue state UNKNOWN group default qlen 1000\r\n    link/loopback 00:00:00:00:00:00 brd 00:00:00:00:00:00\r\n    inet 127.0.0.1/8 scope host lo\r\n       valid_lft forever preferred_lft forever\r\n    inet6 ::1/128 scope host \r\n       valid_lft forever preferred_lft forever\r\n2: eth0: \u003cBROADCAST,MULTICAST,UP,LOWER_UP\u003e mtu 1500 qdisc fq_codel state UP group default qlen 1000\r\n    link/ether bc:24:11:33:a3:bf brd ff:ff:ff:ff:ff:ff\r\n    altname enp0s18\r\n    altname ens18\r\n    inet 192.168.3.100/22 brd 192.168.3.255 scope global noprefixroute eth0\r\n       valid_lft forever preferred_lft forever\r\n    inet6 fe80::be24:11ff:fe33:a3bf/64 scope link \r\n       valid_lft forever preferred_lft forever\r\n3: flannel.1: \u003cBROADCAST,MULTICAST,UP,LOWER_UP\u003e mtu 1450 qdisc noqueue state UNKNOWN group default \r\n    link/ether f2:e4:c9:c8:4d:0f brd ff:ff:ff:ff:ff:ff"}
{"timestamp":"2026-03-03T16:35:05.4336722+08:00","type":"output","content":"\r\n    inet 10.244.0.0/32 scope global flannel.1\r\n       valid_lft forever preferred_lft forever\r\n    inet6 fe80::f0e4:c9ff:fec8:4d0f/64 scope link \r\n       valid_lft forever preferred_lft forever\r\n4: cni0: \u003cBROADCAST,MULTICAST,UP,LOWER_UP\u003e mtu 1450 qdisc noqueue state UP group default qlen 1000\r\n    link/ether 16:27:73:3c:1e:81 brd ff:ff:ff:ff:ff:ff\r\n    inet 10.244.0.1/24 brd 10.244.0.255 scope global cni0\r\n       valid_lft forever preferred_lft forever\r\n    inet6 fe80::1427:73ff:fe3c:1e81/64 scope link \r\n       valid_lft forever preferred_lft forever\r\n5: veth3c9461db@if2: \u003cBROADCAST,MULTICAST,UP,LOWER_UP\u003e mtu 1450 qdisc noqueue master cni0 state UP group default qlen 1000\r\n"}
{"timestamp":"2026-03-03T16:35:05.4341919+08:00","type":"output","content":"    link/ether 12:15:d0:3a:33:e6 brd ff:ff:ff:ff:ff:ff link-netns cni-5f27df1e-4cc2-9115-aea8-50111e4ddb90\r\n    inet6 fe80::1015:d0ff:fe3a:33e6/64 scope link \r\n       valid_lft forever preferred_lft forever\r\n6: vethf4e8abff@if2: \u003cBROADCAST,MULTICAST,UP,LOWER_UP\u003e mtu 1450 qdisc noqueue master cni0 state UP group default qlen 1000\r\n    link/ether 8e:b3:f7:8b:d2:62 brd ff:ff:ff:ff:ff:ff link-netns cni-75dcb0dd-69f2-4926-c854-1fd0504f9e2a\r\n    inet6 fe80::8cb3:f7ff:fe8b:d262/64 scope link \r\n       valid_lft forever preferred_lft forever\r\n12: vethedb529d7@if2: \u003cBROADCAST,MULTICAST,UP,LOWER_UP\u003e mtu 1450 qdisc noqueue master cni0 state UP group default qlen 1000\r\n    link/ether 86:74:1b:28:59:ed brd ff:ff:ff:ff:ff:ff link-netns cni-b2398b7b-77f2-c1a7-fc44-311a87264479"}
{"timestamp":"2026-03-03T16:35:05.4341919+08:00","type":"output","content":"\r\n    inet6 fe80::8474:1bff:fe28:59ed/64 scope link \r\n       valid_lft forever preferred_lft forever\r\n13: veth89a7460f@if2: \u003cBROADCAST,MULTICAST,UP,LOWER_UP\u003e mtu 1450 qdisc noqueue master cni0 state UP group default qlen 1000\r\n    link/ether 3e:00:dc:52:99:97 brd ff:ff:ff:ff:ff:ff link-netns cni-2400d353-faef-2112-cb7e-e0449d5cb47e\r\n    inet6 fe80::3c00:dcff:fe52:9997/64 scope link \r\n       valid_lft forever preferred_lft forever\r\n14: vetha915aeb9@if2: \u003cBROADCAST,MULTICAST,UP,LOWER_UP\u003e mtu 1450 qdisc noqueue master cni0 state UP group default qlen 1000\r\n    link/ether 4a:d5:e1:91:13:f9 brd ff:ff:ff:ff:ff:ff link-netns cni-2d1411d9-4b6d-b77b-faf2-e79eac3d8886\r\n    inet6 fe80::48d5:e1ff:fe91:13f9/64 scope link \r\n       valid_lft forever preferred_lft forever\r\n15: vethace6f28e@if2: \u003cBROADCAST,MULTICAST,UP,LOWER_UP\u003e mtu 1450 qdisc noqueue master cni0 state UP group default qlen 1000\r\n    link/ether 96:86:e3:1a:fa:67 brd ff:ff:ff:ff:ff:ff link-netns cni-e4c048a8-c4c8-62c4-478e-bb46a0872db2\r\n    inet6 fe80::9486:e3"}
{"timestamp":"2026-03-03T16:35:05.434758+08:00","type":"output","content":"ff:fe1a:fa67/64 scope link \r\n       valid_lft forever preferred_lft forever\r\n16: veth326f6e6b@if2: \u003cBROADCAST,MULTICAST,UP,LOWER_UP\u003e mtu 1450 qdisc noqueue master cni0 state UP group default qlen 1000\r\n    link/ether e2:e5:10:85:60:e3 brd ff:ff:ff:ff:ff:ff link-netns cni-71a97f65-38cc-ee93-1af1-5a95f2f2566e\r\n    inet6 fe80::e0e5:10ff:fe85:60e3/64 scope link \r\n       valid_lft forever preferred_lft forever\r\n17: vethe59ed617@if2: \u003cBROADCAST,MULTICAST,UP,LOWER_UP\u003e mtu 1450 qdisc noqueue master cni0 state UP group default qlen 1000\r\n    link/ether 96:dd:2f:23:4c:f2 brd ff:ff:ff:ff:ff:ff link-netns cni-15620f8f-9ab2-be18-a2ec-ce4c4690ef07\r\n"}
{"timestamp":"2026-03-03T16:35:05.434758+08:00","type":"output","content":"    inet6 fe80::94dd:2fff:fe23:4cf2/64 scope link \r\n       valid_lft forever preferred_lft forever\r\n18: vethffe29658@if2: \u003cBROADCAST,MULTICAST,UP,LOWER_UP\u003e mtu 1450 qdisc noqueue master cni0 state UP group default qlen 1000\r\n    link/ether de:95:14:1c:b4:e9 brd ff:ff:ff:ff:ff:ff link-netns cni-942a0a6c-5724-da32-285e-53c49bce4f92\r\n    inet6 fe80::dc95:14ff:fe1c:b4e9/64 scope link \r\n       valid_lft forever preferred_lft forever\r\n19: vethde70c63a@if2: \u003cBROADCAST,MULTICAST,UP,LOWER_UP\u003e mtu 1450 qdisc noqueue master cni0 state UP group default qlen 1000\r\n    link/ether 4a:a4:bd:aa:b8:1d brd ff:ff:ff:ff:ff:ff link-netns cni-0069b962-ada1-d219-af33-db4e5cdd3c1c\r\n    inet6 fe80::48a4:bdff:feaa:b81d/64 scope link \r\n       valid_lft forever preferred_lft forever\r\n20: vethd43e6fcb@if2: \u003cBROADCAST,MULTICAST,UP,LOWER_UP\u003e mtu 1450 qdisc noqueue master cni0 state UP group default qlen 1000\r\n    link/ether be:0b:8e:c8:1c:ec brd ff:ff:ff:ff:ff:ff link-netns cni-d4ec0ee7-998e-4dc0-8092-9c1c755a8b4d\r\n    inet6 fe80::bc0b:8eff"}
{"timestamp":"2026-03-03T16:35:05.434758+08:00","type":"output","content":":fec8:1cec/64 scope link \r\n       valid_lft forever preferred_lft forever\r\n21: veth00c7ae18@if2: \u003cBROADCAST,MULTICAST,UP,LOWER_UP\u003e mtu 1450 qdisc noqueue master cni0 state UP group default qlen 1000\r\n    link/ether f6:4e:c5:6a:76:fe brd ff:ff:ff:ff:ff:ff link-netns cni-46accffe-8035-6695-7642-a84587f4a36c\r\n    inet6 fe80::f44e:c5ff:fe6a:76fe/64 scope link \r\n       valid_lft forever preferred_lft forever\r\n22: veth6f1c3a7b@if2: \u003cBROADCAST,MULTICAST,UP,LOWER_UP\u003e mtu 1450 qdisc noqueue master cni0 state UP group default qlen 1000\r\n    link/ether 7e:64:14:3d:4a:05 brd ff:ff:ff:ff:ff:ff link-netns cni-c1534ddf-46c6-202d-9963-cc47984b7212\r\n    inet6 fe80::7c64:14ff:fe3d:4a05/64 scope link \r\n       valid_lft forever preferred_lft forever\r\n\u001b]0;sunfx@mn0:~\u0007[sunfx@mn0 ~]$ "}
{"timestamp":"2026-03-03T16:35:06.7320942+08:00","type":"command","content":"l"}
{"timestamp":"2026-03-03T16:35:06.7388123+08:00","type":"output","content":"l"}
{"timestamp":"2026-03-03T16:35:07.1200972+08:00","type":"command","content":""}
{"timestamp":"2026-03-03T16:35:07.1265129+08:00","type":"output","content":"\b\u001b[K"}
{"timestamp":"2026-03-03T16:35:07.3389204+08:00","type":"command","content":"\f"}
{"timestamp":"2026-03-03T16:35:07.3474242+08:00","type":"output","content":"\u001b[H\u001b[2J[sunfx@mn0 ~]$ "}
{"timestamp":"2026-03-03T16:35:07.5124046+08:00","type":"command","content":"l"}
{"timestamp":"2026-03-03T16:35:07.5188701+08:00","type":"output","content":"l"}
{"timestamp":"2026-03-03T16:35:07.5877003+08:00","type":"command","content":"s"}
{"timestamp":"2026-03-03T16:35:07.5936968+08:00","type":"output","content":"s"}
{"timestamp":"2026-03-03T16:35:07.6690126+08:00","type":"command","content":"\r"}
{"timestamp":"2026-03-03T16:35:07.6782432+08:00","type":"output","content":"\r\n"}
{"timestamp":"2026-03-03T16:35:07.679573+08:00","type":"output","content":"\u001b]0;sunfx@mn0:~\u0007"}
{"timestamp":"2026-03-03T16:35:07.679573+08:00","type":"output","content":"[sunfx@mn0 ~]$ "}
{"timestamp":"2026-03-03T16:35:07.9671806+08:00","type":"command","content":"\r"}
{"timestamp":"2026-03-03T16:35:07.9738974+08:00","type":"output","content":"\r\n"}
{"timestamp":"2026-03-03T16:35:07.9744071+08:00","type":"output","content":"\u001b]0;sunfx@mn0:~\u0007[sunfx@mn0 ~]$ "}
{"timestamp":"2026-03-03T16:35:08.1044624+08:00","type":"command","content":"\r"}
{"timestamp":"2026-03-03T16:35:08.1109012+08:00","type":"output","content":"\r\n"}
{"timestamp":"2026-03-03T16:35:08.1109012+08:00","type":"output","content":"\u001b]0;sunfx@mn0:~\u0007"}
{"timestamp":"2026-03-03T16:35:08.1114181+08:00","type":"output","content":"[sunfx@mn0 ~]$ "}
{"timestamp":"2026-03-03T16:35:20.3807315+08:00","type":"command","content":"\r"}
{"timestamp":"2026-03-03T16:35:20.3903727+08:00","type":"output","content":"\r\n"}
{"timestamp":"2026-03-03T16:35:20.3910481+08:00","type":"output","content":"\u001b]0;sunfx@mn0:~\u0007[sunfx@mn0 ~]$ "}
{"timestamp":"2026-03-03T16:35:20.5603708+08:00","type":"command","content":"l"}
{"timestamp":"2026-03-03T16:35:20.5693856+08:00","type":"output","content":"l"}
{"timestamp":"2026-03-03T16:35:20.6747138+08:00","type":"command","content":"s"}
{"timestamp":"2026-03-03T16:35:20.680573+08:00","type":"output","content":"s"}
{"timestamp":"2026-03-03T16:35:20.7887481+08:00","type":"command","content":"\r"}
{"timestamp":"2026-03-03T16:35:20.7950003+08:00","type":"output","content":"\r\n"}
{"timestamp":"2026-03-03T16:35:20.796793+08:00","type":"output","content":"\u001b]0;sunfx@mn0:~\u0007"}
{"timestamp":"2026-03-03T16:35:20.796793+08:00","type":"output","content":"[sunfx@mn0 ~]$ "}
{"timestamp":"2026-03-03T16:35:21.0818925+08:00","type":"command","content":"d"}
{"timestamp":"2026-03-03T16:35:21.087735+08:00","type":"output","content":"d"}
{"timestamp":"2026-03-03T16:35:21.1863541+08:00","type":"command","content":"m"}
{"timestamp":"2026-03-03T16:35:21.1926743+08:00","type":"output","content":"m"}
{"timestamp":"2026-03-03T16:35:21.2336553+08:00","type":"command","content":"e"}
{"timestamp":"2026-03-03T16:35:21.2397154+08:00","type":"output","content":"e"}
{"timestamp":"2026-03-03T16:35:21.4869005+08:00","type":"command","content":"\t"}
{"timestamp":"2026-03-03T16:35:21.4939659+08:00","type":"output","content":"sg "}
{"timestamp":"2026-03-03T16:35:21.6347562+08:00","type":"command","content":"\r"}
{"timestamp":"2026-03-03T16:35:21.6407123+08:00","type":"output","content":"\r\n"}
{"timestamp":"2026-03-03T16:35:21.6427669+08:00","type":"output","content":"\u001b]0;sunfx@mn0:~\u0007"}
{"timestamp":"2026-03-03T16:35:21.6427669+08:00","type":"output","content":"[sunfx@mn0 ~]$ "}
{"timestamp":"2026-03-03T16:35:25.5536785+08:00","type":"event","event":"session_closed"}
{"timestamp":"2026-03-03T16:35:25.5541862+08:00","type":"event","event":"session_end","data":{"duration":29.4268661}}
