{"timestamp":"2026-03-03T16:47:22.2551172+08:00","type":"event","event":"session_start","data":{"host":"192.168.5.250","session_id":"0310d362-d276-435a-b3b2-9dfca24d4f65","user_id":"24135","username":"sunfx"}}
{"timestamp":"2026-03-03T16:47:22.2573164+08:00","type":"event","event":"session_created","data":{"host":"192.168.5.250","port":31277}}
{"timestamp":"2026-03-03T16:47:22.3991139+08:00","type":"event","event":"connection_established"}
{"timestamp":"2026-03-03T16:47:22.3991139+08:00","type":"output","content":"Activate the web console with: systemctl enable --now cockpit.socket\r\n\r\nLast login: Tue Mar  3 16:46:17 2026 from 192.168.0.11\r\r\n"}
{"timestamp":"2026-03-03T16:47:22.4452759+08:00","type":"output","content":"\u001b]0;sunfx@mn0:~\u0007"}
{"timestamp":"2026-03-03T16:47:22.4457866+08:00","type":"output","content":"[sunfx@mn0 ~]$ "}
{"timestamp":"2026-03-03T16:47:23.2167524+08:00","type":"command","content":"\r"}
{"timestamp":"2026-03-03T16:47:23.2238105+08:00","type":"output","content":"\r\n\u001b]0;sunfx@mn0:~\u0007"}
{"timestamp":"2026-03-03T16:47:23.2238105+08:00","type":"output","content":"[sunfx@mn0 ~]$ "}
{"timestamp":"2026-03-03T16:47:23.5452498+08:00","type":"command","content":"l"}
{"timestamp":"2026-03-03T16:47:23.552291+08:00","type":"output","content":"l"}
{"timestamp":"2026-03-03T16:47:23.6802121+08:00","type":"command","content":"s"}
{"timestamp":"2026-03-03T16:47:23.6863871+08:00","type":"output","content":"s"}
{"timestamp":"2026-03-03T16:47:23.7594026+08:00","type":"command","content":"\r"}
{"timestamp":"2026-03-03T16:47:23.7653709+08:00","type":"output","content":"\r\n"}
{"timestamp":"2026-03-03T16:47:23.7674543+08:00","type":"output","content":"\u001b]0;sunfx@mn0:~\u0007[sunfx@mn0 ~]$ "}
{"timestamp":"2026-03-03T16:47:23.8889259+08:00","type":"command","content":"\r"}
{"timestamp":"2026-03-03T16:47:23.8964378+08:00","type":"output","content":"\r\n"}
{"timestamp":"2026-03-03T16:47:23.8964378+08:00","type":"output","content":"\u001b]0;sunfx@mn0:~\u0007[sunfx@mn0 ~]$ "}
{"timestamp":"2026-03-03T16:47:24.1894575+08:00","type":"command","content":"d"}
{"timestamp":"2026-03-03T16:47:24.1964769+08:00","type":"output","content":"d"}
{"timestamp":"2026-03-03T16:47:24.2966985+08:00","type":"command","content":"m"}
{"timestamp":"2026-03-03T16:47:24.3035195+08:00","type":"output","content":"m"}
{"timestamp":"2026-03-03T16:47:24.3578573+08:00","type":"command","content":"e"}
{"timestamp":"2026-03-03T16:47:24.3635897+08:00","type":"output","content":"e"}
{"timestamp":"2026-03-03T16:47:24.4903924+08:00","type":"command","content":"s"}
{"timestamp":"2026-03-03T16:47:24.4971368+08:00","type":"output","content":"s"}
{"timestamp":"2026-03-03T16:47:24.6266927+08:00","type":"command","content":"\t"}
{"timestamp":"2026-03-03T16:47:24.633837+08:00","type":"output","content":"g "}
{"timestamp":"2026-03-03T16:47:24.6901315+08:00","type":"command","content":"\r"}
{"timestamp":"2026-03-03T16:47:24.6972214+08:00","type":"output","content":"\r\n"}
{"timestamp":"2026-03-03T16:47:24.7017117+08:00","type":"output","content":"\u001b]0;sunfx@mn0:~\u0007"}
{"timestamp":"2026-03-03T16:47:24.7017117+08:00","type":"output","content":"[sunfx@mn0 ~]$ "}
{"timestamp":"2026-03-03T16:47:25.1221758+08:00","type":"command","content":"s"}
{"timestamp":"2026-03-03T16:47:25.1283704+08:00","type":"output","content":"s"}
{"timestamp":"2026-03-03T16:47:25.1640949+08:00","type":"command","content":"i"}
{"timestamp":"2026-03-03T16:47:25.171179+08:00","type":"output","content":"i"}
{"timestamp":"2026-03-03T16:47:25.3119808+08:00","type":"command","content":"n"}
{"timestamp":"2026-03-03T16:47:25.3183487+08:00","type":"output","content":"n"}
{"timestamp":"2026-03-03T16:47:25.3428741+08:00","type":"command","content":"f"}
{"timestamp":"2026-03-03T16:47:25.3501097+08:00","type":"output","content":"f"}
{"timestamp":"2026-03-03T16:47:25.4450476+08:00","type":"command","content":"\t"}
{"timestamp":"2026-03-03T16:47:25.4558631+08:00","type":"output","content":"o "}
{"timestamp":"2026-03-03T16:47:25.5642877+08:00","type":"command","content":"\r"}
{"timestamp":"2026-03-03T16:47:25.570514+08:00","type":"output","content":"\r\n"}
{"timestamp":"2026-03-03T16:47:25.5763458+08:00","type":"output","content":"PARTITION     AVAIL  TIMELIMIT  NODES  STATE NODELIST\r\n"}
{"timestamp":"2026-03-03T16:47:25.5763458+08:00","type":"output","content":"slurm-bridge*    up   infinite      2   idle cn[1-2]\r\n"}
{"timestamp":"2026-03-03T16:47:25.5770473+08:00","type":"output","content":"\u001b]0;sunfx@mn0:~\u0007"}
{"timestamp":"2026-03-03T16:47:25.5770473+08:00","type":"output","content":"[sunfx@mn0 ~]$ "}
{"timestamp":"2026-03-03T16:47:25.7205226+08:00","type":"command","content":"s"}
{"timestamp":"2026-03-03T16:47:25.7276243+08:00","type":"output","content":"s"}
{"timestamp":"2026-03-03T16:47:25.8817775+08:00","type":"command","content":"q"}
{"timestamp":"2026-03-03T16:47:25.8882905+08:00","type":"output","content":"q"}
{"timestamp":"2026-03-03T16:47:25.9561905+08:00","type":"command","content":"u"}
{"timestamp":"2026-03-03T16:47:25.9622289+08:00","type":"output","content":"u"}
{"timestamp":"2026-03-03T16:47:26.076937+08:00","type":"command","content":"e"}
{"timestamp":"2026-03-03T16:47:26.0833023+08:00","type":"output","content":"e"}
{"timestamp":"2026-03-03T16:47:26.2028052+08:00","type":"command","content":"\t"}
{"timestamp":"2026-03-03T16:47:26.2093929+08:00","type":"output","content":"ue "}
{"timestamp":"2026-03-03T16:47:26.3106192+08:00","type":"command","content":"\r"}
{"timestamp":"2026-03-03T16:47:26.3172368+08:00","type":"output","content":"\r\n"}
{"timestamp":"2026-03-03T16:47:26.3229827+08:00","type":"output","content":"             JOBID PARTITION     NAME     USER ST       TIME  NODES NODELIST(REASON)\r\n"}
{"timestamp":"2026-03-03T16:47:26.3234927+08:00","type":"output","content":"\u001b]0;sunfx@mn0:~\u0007[sunfx@mn0 ~]$ "}
{"timestamp":"2026-03-03T16:47:33.9505214+08:00","type":"event","event":"session_closed"}
{"timestamp":"2026-03-03T16:47:33.9505214+08:00","type":"event","event":"session_end","data":{"duration":11.6954042}}
