{"timestamp":"2026-03-03T21:48:53.467266+08:00","type":"event","event":"session_start","data":{"host":"192.168.5.250","session_id":"a387540d-a743-4090-b312-a263d13a0b94","user_id":"24135","username":"sunfx"}}
{"timestamp":"2026-03-03T21:48:53.467414+08:00","type":"event","event":"session_created","data":{"host":"192.168.5.250","port":31277}}
{"timestamp":"2026-03-03T21:48:53.608958+08:00","type":"event","event":"connection_established"}
{"timestamp":"2026-03-03T21:48:53.609036+08:00","type":"output","content":"Activate the web console with: systemctl enable --now cockpit.socket\r\n\r\nLast login: Tue Mar  3 21:48:06 2026 from 192.168.0.11\r\r\n"}
{"timestamp":"2026-03-03T21:48:53.651967+08:00","type":"output","content":"\u001b]0;sunfx@mn0:~\u0007[sunfx@mn0 ~]$ "}
{"timestamp":"2026-03-03T21:48:57.203437+08:00","type":"output","content":"\r\u001b[K[sunfx@mn0 ~]$ "}
{"timestamp":"2026-03-03T21:48:58.39019+08:00","type":"output","content":"\r\u001b[K[sunfx@mn0 ~]$ "}
{"timestamp":"2026-03-03T21:48:59.891392+08:00","type":"output","content":"\r\u001b[K[sunfx@mn0 ~]$ "}
{"timestamp":"2026-03-03T21:49:00.484044+08:00","type":"command","content":"\r"}
{"timestamp":"2026-03-03T21:49:00.492969+08:00","type":"output","content":"\r\n"}
{"timestamp":"2026-03-03T21:49:00.493227+08:00","type":"output","content":"\u001b]0;sunfx@mn0:~\u0007[sunfx@mn0 ~]$ "}
{"timestamp":"2026-03-03T21:49:00.693608+08:00","type":"command","content":"l"}
{"timestamp":"2026-03-03T21:49:00.704651+08:00","type":"output","content":"l"}
{"timestamp":"2026-03-03T21:49:00.809225+08:00","type":"command","content":"s"}
{"timestamp":"2026-03-03T21:49:00.818197+08:00","type":"output","content":"s"}
{"timestamp":"2026-03-03T21:49:00.899168+08:00","type":"command","content":"\r"}
{"timestamp":"2026-03-03T21:49:00.907856+08:00","type":"output","content":"\r\n"}
{"timestamp":"2026-03-03T21:49:00.911036+08:00","type":"output","content":"\u001b[0m\u001b[38;5;33m111\u001b[0m  LdapAdmin.exe  \u001b[38;5;33mtest\u001b[0m  \u001b[38;5;40mtest.sh\u001b[0m\r\n\u001b]0;sunfx@mn0:~\u0007[sunfx@mn0 ~]$ "}
{"timestamp":"2026-03-03T21:49:01.268331+08:00","type":"command","content":"s"}
{"timestamp":"2026-03-03T21:49:01.279637+08:00","type":"output","content":"s"}
{"timestamp":"2026-03-03T21:49:01.357921+08:00","type":"command","content":"i"}
{"timestamp":"2026-03-03T21:49:01.365386+08:00","type":"output","content":"i"}
{"timestamp":"2026-03-03T21:49:01.501027+08:00","type":"command","content":"n"}
{"timestamp":"2026-03-03T21:49:01.508308+08:00","type":"output","content":"n"}
{"timestamp":"2026-03-03T21:49:01.531682+08:00","type":"command","content":"f"}
{"timestamp":"2026-03-03T21:49:01.539069+08:00","type":"output","content":"f"}
{"timestamp":"2026-03-03T21:49:01.659161+08:00","type":"command","content":"\t"}
{"timestamp":"2026-03-03T21:49:01.668492+08:00","type":"output","content":"o "}
{"timestamp":"2026-03-03T21:49:01.829726+08:00","type":"command","content":"\r"}
{"timestamp":"2026-03-03T21:49:01.83732+08:00","type":"output","content":"\r\n"}
{"timestamp":"2026-03-03T21:49:01.843236+08:00","type":"output","content":"PARTITION     AVAIL  TIMELIMIT  NODES  STATE NODELIST\r\n"}
{"timestamp":"2026-03-03T21:49:01.843528+08:00","type":"output","content":"slurm-bridge*    up   infinite      2   idle cn[1-2]\r\n"}
{"timestamp":"2026-03-03T21:49:01.843777+08:00","type":"output","content":"\u001b]0;sunfx@mn0:~\u0007[sunfx@mn0 ~]$ "}
{"timestamp":"2026-03-03T21:49:02.121712+08:00","type":"command","content":"s"}
{"timestamp":"2026-03-03T21:49:02.134386+08:00","type":"output","content":"s"}
{"timestamp":"2026-03-03T21:49:02.47611+08:00","type":"command","content":"n"}
{"timestamp":"2026-03-03T21:49:02.488898+08:00","type":"output","content":"n"}
{"timestamp":"2026-03-03T21:49:02.738333+08:00","type":"command","content":""}
{"timestamp":"2026-03-03T21:49:02.747495+08:00","type":"output","content":"\b\u001b[K"}
{"timestamp":"2026-03-03T21:49:02.870724+08:00","type":"command","content":""}
{"timestamp":"2026-03-03T21:49:02.879762+08:00","type":"output","content":"\b\u001b[K"}
{"timestamp":"2026-03-03T21:49:03.056838+08:00","type":"command","content":""}
{"timestamp":"2026-03-03T21:49:03.066269+08:00","type":"output","content":"\u0007"}
{"timestamp":"2026-03-03T21:49:03.167241+08:00","type":"command","content":"s"}
{"timestamp":"2026-03-03T21:49:03.175593+08:00","type":"output","content":"s"}
{"timestamp":"2026-03-03T21:49:03.331338+08:00","type":"command","content":"q"}
{"timestamp":"2026-03-03T21:49:03.340243+08:00","type":"output","content":"q"}
{"timestamp":"2026-03-03T21:49:03.44289+08:00","type":"command","content":"u"}
{"timestamp":"2026-03-03T21:49:03.451646+08:00","type":"output","content":"u"}
{"timestamp":"2026-03-03T21:49:03.508584+08:00","type":"command","content":"e"}
{"timestamp":"2026-03-03T21:49:03.517207+08:00","type":"output","content":"e"}
{"timestamp":"2026-03-03T21:49:03.642246+08:00","type":"command","content":"\t"}
{"timestamp":"2026-03-03T21:49:03.651492+08:00","type":"output","content":"ue "}
{"timestamp":"2026-03-03T21:49:03.775036+08:00","type":"command","content":"\r"}
{"timestamp":"2026-03-03T21:49:03.784008+08:00","type":"output","content":"\r\n"}
{"timestamp":"2026-03-03T21:49:03.788681+08:00","type":"output","content":"             JOBID PARTITION     NAME     USER ST       TIME  NODES NODELIST(REASON)\r\n"}
{"timestamp":"2026-03-03T21:49:03.790486+08:00","type":"output","content":"\u001b]0;sunfx@mn0:~\u0007[sunfx@mn0 ~]$ "}
{"timestamp":"2026-03-03T21:49:05.30471+08:00","type":"output","content":"\r\u001b[K[sunfx@mn0 ~]$ "}
{"timestamp":"2026-03-03T21:49:13.49237+08:00","type":"event","event":"session_closed"}
{"timestamp":"2026-03-03T21:49:13.492776+08:00","type":"event","event":"session_end","data":{"duration":20.025565416}}
