{"timestamp":"2026-03-03T21:48:06.379004+08:00","type":"event","event":"session_start","data":{"host":"192.168.5.250","session_id":"875981b0-a9c8-4414-bdea-1fb8dff156d3","user_id":"24135","username":"sunfx"}}
{"timestamp":"2026-03-03T21:48:06.379465+08:00","type":"event","event":"session_created","data":{"host":"192.168.5.250","port":31277}}
{"timestamp":"2026-03-03T21:48:06.520613+08:00","type":"event","event":"connection_established"}
{"timestamp":"2026-03-03T21:48:06.520705+08:00","type":"output","content":"Activate the web console with: systemctl enable --now cockpit.socket\r\n\r\nLast login: Tue Mar  3 21:47:54 2026 from 192.168.0.11\r\r\n"}
{"timestamp":"2026-03-03T21:48:06.564795+08:00","type":"output","content":"\u001b]0;sunfx@mn0:~\u0007[sunfx@mn0 ~]$ "}
{"timestamp":"2026-03-03T21:48:08.227317+08:00","type":"command","content":"l"}
{"timestamp":"2026-03-03T21:48:08.242132+08:00","type":"output","content":"l"}
{"timestamp":"2026-03-03T21:48:08.378424+08:00","type":"command","content":"s"}
{"timestamp":"2026-03-03T21:48:08.387315+08:00","type":"output","content":"s"}
{"timestamp":"2026-03-03T21:48:08.510338+08:00","type":"command","content":"\r"}
{"timestamp":"2026-03-03T21:48:08.519282+08:00","type":"output","content":"\r\n"}
{"timestamp":"2026-03-03T21:48:08.521507+08:00","type":"output","content":"\u001b[0m\u001b[38;5;33m111\u001b[0m  LdapAdmin.exe  \u001b[38;5;33mtest\u001b[0m  \u001b[38;5;40mtest.sh\u001b[0m\r\n\u001b]0;sunfx@mn0:~\u0007"}
{"timestamp":"2026-03-03T21:48:08.521752+08:00","type":"output","content":"[sunfx@mn0 ~]$ "}
{"timestamp":"2026-03-03T21:48:08.859859+08:00","type":"command","content":"\f"}
{"timestamp":"2026-03-03T21:48:08.872018+08:00","type":"output","content":"\u001b[H\u001b[2J[sunfx@mn0 ~]$ "}
{"timestamp":"2026-03-03T21:48:09.037838+08:00","type":"command","content":"l"}
{"timestamp":"2026-03-03T21:48:09.046391+08:00","type":"output","content":"l"}
{"timestamp":"2026-03-03T21:48:09.126588+08:00","type":"command","content":"s"}
{"timestamp":"2026-03-03T21:48:09.135378+08:00","type":"output","content":"s"}
{"timestamp":"2026-03-03T21:48:09.227316+08:00","type":"command","content":"\r"}
{"timestamp":"2026-03-03T21:48:09.237291+08:00","type":"output","content":"\r\n"}
{"timestamp":"2026-03-03T21:48:09.237555+08:00","type":"output","content":"\u001b[0m\u001b[38;5;33m111\u001b[0m  LdapAdmin.exe  \u001b[38;5;33mtest\u001b[0m  \u001b[38;5;40mtest.sh\u001b[0m\r\n"}
{"timestamp":"2026-03-03T21:48:09.23871+08:00","type":"output","content":"\u001b]0;sunfx@mn0:~\u0007"}
{"timestamp":"2026-03-03T21:48:09.239151+08:00","type":"output","content":"[sunfx@mn0 ~]$ "}
{"timestamp":"2026-03-03T21:48:19.538716+08:00","type":"event","event":"session_closed"}
{"timestamp":"2026-03-03T21:48:19.538757+08:00","type":"event","event":"session_end","data":{"duration":13.159788417}}
